<?xml version="1.0" encoding="UTF-8"?>
<testng-results ignored="0" total="3" passed="3" failed="0" skipped="0">
  <reporter-output>
  </reporter-output>
  <suite started-at="2025-05-23T15:36:22 IST" name="FastAPI Test Suite" finished-at="2025-05-23T15:36:29 IST" duration-ms="6707">
    <groups>
    </groups>
    <test started-at="2025-05-23T15:36:22 IST" name="API Test" finished-at="2025-05-23T15:36:29 IST" duration-ms="6707">
      <class name="api.FastApiTest">
        <test-method is-config="true" signature="setup()[pri:0, instance:api.FastApiTest@5a63f509]" started-at="2025-05-23T15:36:22 IST" name="setup" finished-at="2025-05-23T15:36:24 IST" duration-ms="1266" status="PASS">
          <reporter-output>
          </reporter-output>
        </test-method> <!-- setup -->
        <test-method signature="testCreateItem()[pri:0, instance:api.FastApiTest@5a63f509]" started-at="2025-05-23T15:36:24 IST" name="testCreateItem" finished-at="2025-05-23T15:36:29 IST" duration-ms="5131" status="PASS">
          <reporter-output>
          </reporter-output>
        </test-method> <!-- testCreateItem -->
        <test-method signature="testGetItems()[pri:0, instance:api.FastApiTest@5a63f509]" started-at="2025-05-23T15:36:29 IST" name="testGetItems" finished-at="2025-05-23T15:36:29 IST" duration-ms="140" status="PASS">
          <reporter-output>
          </reporter-output>
        </test-method> <!-- testGetItems -->
        <test-method signature="testRoot()[pri:0, instance:api.FastApiTest@5a63f509]" started-at="2025-05-23T15:36:29 IST" name="testRoot" finished-at="2025-05-23T15:36:29 IST" duration-ms="87" status="PASS">
          <reporter-output>
          </reporter-output>
        </test-method> <!-- testRoot -->
      </class> <!-- api.FastApiTest -->
    </test> <!-- API Test -->
  </suite> <!-- FastAPI Test Suite -->
</testng-results>
